1563259640223	mozrunner::runner	INFO	Running command: "E:\\火狐\\firefox.exe" "-marionette" "-foreground" "-no-remote" "-profile" "C:\\Users\\ADMINI~1\\AppData\\Local\\Temp\\rust_mozprofile.nGHtqoefpORW"
1563259645571	addons.webextension.screenshots@mozilla.org	WARN	Loading extension 'screenshots@mozilla.org': Reading manifest: Invalid extension permission: mozillaAddons
1563259645571	addons.webextension.screenshots@mozilla.org	WARN	Loading extension 'screenshots@mozilla.org': Reading manifest: Invalid extension permission: resource://pdf.js/
1563259645571	addons.webextension.screenshots@mozilla.org	WARN	Loading extension 'screenshots@mozilla.org': Reading manifest: Invalid extension permission: about:reader*
[GFX1-]: PossiblyBrokenSurfaceSharing_UnexpectedAMDGPU
[GFX1-]: PossiblyBrokenSurfaceSharing_UnexpectedAMDGPU
[Parent 17232, Gecko_IOThread] WARNING: pipe error: 109: file z:/task_1560988628/build/src/ipc/chromium/src/chrome/common/ipc_channel_win.cc, line 341
[Child 17896, Chrome_ChildThread] WARNING: pipe error: 109: file z:/task_1560988628/build/src/ipc/chromium/src/chrome/common/ipc_channel_win.cc, line 341
[GFX1-]: PossiblyBrokenSurfaceSharing_UnexpectedAMDGPU
[GFX1-]: PossiblyBrokenSurfaceSharing_UnexpectedAMDGPU
1563259658382	Marionette	INFO	Listening on port 58684
1563259658584	Marionette	WARN	TLS certificate errors will be ignored for this session
[GFX1-]: PossiblyBrokenSurfaceSharing_UnexpectedAMDGPU
WebGL(108A3000)::ForceLoseContext
WebGL(1632C800)::ForceLoseContext
WebGL(16385000)::ForceLoseContext
WebGL(1632AC00)::ForceLoseContext
[Parent 17232, Gecko_IOThread] WARNING: pipe error: 109: file z:/task_1560988628/build/src/ipc/chromium/src/chrome/common/ipc_channel_win.cc, line 341
[Child 14476, Chrome_ChildThread] WARNING: pipe error: 109: file z:/task_1560988628/build/src/ipc/chromium/src/chrome/common/ipc_channel_win.cc, line 341
[Child 14476, Chrome_ChiJavaScript error: resource://gre/modules/WebProgressChild.jsm, line 61: TypeError: this.mm.content is null
[Parent 17232, Gecko_IOThread] WARNING: pipe error: 109: file z:/task_1560988628/build/src/ipc/chromium/src/chrome/common/ipc_channel_win.cc, line 341
[Child 15176, Chrome_ChildThread] WARNING: pipe error: 109: file z:/task_1560988628/build/src/ipc/chromium/src/chrome/common/ipc_channel_win.cc, line 341
[Child 19560, Chrome_ChildThread] WARNING: pipe error: 109: file z:/task_1560988628/build/src/ipc/chromium/src/chrome/common/ipc_channel_win.cc, line 341
[Child 19560, C1563259736996	Marionette	INFO	Stopped listening on port 58684
1563259745114	mozrunner::runner	INFO	Running command: "E:\\火狐\\firefox.exe" "-marionette" "-foreground" "-no-remote" "-profile" "C:\\Users\\ADMINI~1\\AppData\\Local\\Temp\\rust_mozprofile.jk9AW4H993QG"
1563259746034	addons.webextension.screenshots@mozilla.org	WARN	Loading extension 'screenshots@mozilla.org': Reading manifest: Invalid extension permission: mozillaAddons
1563259746035	addons.webextension.screenshots@mozilla.org	WARN	Loading extension 'screenshots@mozilla.org': Reading manifest: Invalid extension permission: resource://pdf.js/
1563259746035	addons.webextension.screenshots@mozilla.org	WARN	Loading extension 'screenshots@mozilla.org': Reading manifest: Invalid extension permission: about:reader*
[GFX1-]: PossiblyBrokenSurfaceSharing_UnexpectedAMDGPU
[GFX1-]: PossiblyBrokenSurfaceSharing_UnexpectedAMDGPU
[GFX1-]: PossiblyBrokenSurfaceSharing_UnexpectedAMDGPU
[GFX1-]: PossiblyBrokenSurfaceSharing_UnexpectedAMDGPU
1563259748288	Marionette	INFO	Listening on port 58819
1563259748376	Marionette	WARN	TLS certificate errors will be ignored for this session
console.error: BroadcastService: 
  receivedBroadcastMessage: handler for
  remote-settings/monitor_changes
  threw error:
  Message: Error: Polling for changes failed: http://%(server)s/dummy/blocklist//buckets/monitor/collections/changes/records?_expected=%221563235208152%22 is not a valid URL..
  Stack:
    remoteSettingsFunction/remoteSettings.pollChanges@resource://services-settings/remote-settings.js:203:13

WebGL(0C02A800)::ForceLoseContext
WebGL(1522B000)::ForceLoseContext
WebGL(1A50E400)::ForceLoseContext
WebGL(1EE35C00)::ForceLoseContext
WebGL(1F09B800)::ForceLoseContext
WebGL(1F09F400)::ForceLoseContext
WebGL(0C023800)::ForceLoseContext
WebGL(1DB20800)::ForceLoseContext
WebGL(1DB2B800)::ForceLoseContext
WebGL(1DB1E400)::ForceLoseContext
WebGL(1EC70400)::ForceLoseContext
WebGL(1F09D400)::ForceLoseContext
WebGL(1E8E6400)::ForceLoseContext
WebGL(1E8F3C00)::ForceLoseContext
WebGL(1EA91400)::ForceLoseContext
WebGL(01557800)::ForceLoseContext
[Child 19624, Chrome_ChildThread] WARNING: pipe error: 109: file z:/task_1560988628/build/src/ipc/chromium/src/chrome/common/ipc_channel_win.cc, line 341
[Child 19412, Chrome_ChildThread] WARNING: pipe error: 109: file z:/task_1560988628/bui[Child 19624, Chrome_ChildThread] WARNING: pipe error: 109: file z:/task_1560988628/blud/src/iilpdc//scrhc/ipc/romiucmh/romium/src/chrome/common/ipc_channel_win.cc, line 341
src/chrome/common/ipc_c
###!!! [Child][MessageChannel] Error: (msgtype=0x530005,name=PHttpChannel::Msg_Cancel) Closed channel: cannot send/recv

hannel_win.cc, line 341
[Child 19412, C1563259882549	Marionette	INFO	Stopped listening on port 58819

###!!! [Child][RunMessage] Error: Channel closing: too late to send/recv, messages will be lost

[GPU 12936, Chrome_ChildThread] WARNING: pipe error: 109: file z:/task_1560988628/build/src/ipc/chromium/src/chrome/common/ipc_channel_win.cc, line 341

###!!! [Child][MessageChannel::SendAndWait] Error: Channel error: cannot send/recv

